<?xml version="1.0" encoding="UTF-8"?>
<!-- Generated by org.testng.reporters.JUnitXMLReporter -->
<testsuite ignored="0" hostname="DESKTOP-HTFTRU6" failures="2" tests="24" name="Test" time="153.263" errors="0" timestamp="2023-05-21T15:47:31 CEST">
  <testcase classname="com.tests.LoginTests" name="loginWithIncorrectData" time="0.72"/>
  <testcase classname="com.tests.ContactUsTests" name="sendQuestionWithFile" time="3.689"/>
  <testcase classname="com.tests.LoginTests" name="loginWithCorrectData" time="3.175"/>
  <testcase classname="com.tests.LoginTests" name="logoutLoggedUser" time="3.419"/>
  <testcase classname="com.tests.LoginTests" name="verifyLoginFieldsAreRequired" time="0.379"/>
  <testcase classname="com.tests.PlaceOrderTests" name="placeOrderAndRegisterWhileCheckout" time="14.388"/>
  <testcase classname="com.tests.PlaceOrderTests" name="placeOrderAndLoginWhileCheckout" time="13.604"/>
  <testcase classname="com.tests.ProductsTests" name="addMultiplyProductsToCard" time="10.104"/>
  <testcase classname="com.tests.ProductsTests" name="verifyAllProductsRelatedToSearchAreVisible" time="5.136"/>
  <testcase classname="com.tests.PlaceOrderTests" name="placeOrderBeeingLogin" time="38.586"/>
  <testcase classname="com.tests.ProductsTests" name="verifyProductDetailsValue" time="4.021"/>
  <testcase classname="com.tests.ProductsTests" name="verifyProductDetailsVisibility" time="2.838"/>
  <testcase classname="com.tests.SignupTests" name="signinWithExsistingEmail" time="0.662"/>
  <testcase classname="com.tests.SignupTests" name="verifySignupFieldsAreRequired" time="0.371"/>
  <testcase classname="com.tests.SignupTests" name="signinWithCorrectData" time="8.15"/>
  <testcase classname="com.tests.CartTests" name="increaceAndVerifyQuantityOfProductInCart_byAddingTwiceTheSameProduct" time="4.854">
    <failure type="java.lang.AssertionError" message="expected [2] but found [2]">
      <![CDATA[java.lang.AssertionError: expected [2] but found [2]
at com.tests.CartTests.increaceAndVerifyQuantityOfProductInCart_byAddingTwiceTheSameProduct(CartTests.java:50)
at java.base/java.util.concurrent.ThreadPoolExecutor.runWorker(ThreadPoolExecutor.java:1130)
at java.base/java.util.concurrent.ThreadPoolExecutor$Worker.run(ThreadPoolExecutor.java:630)
at java.base/java.lang.Thread.run(Thread.java:831)
... Removed 17 stack frames]]>
    </failure>
  </testcase> <!-- increaceAndVerifyQuantityOfProductInCart_byAddingTwiceTheSameProduct -->
  <testcase classname="com.tests.CartTests" name="removeAllProductFromCart" time="0.002"/>
  <testcase classname="com.tests.CartTests" name="increaceAndVerifyQuantityOfProductInCart_whileIncreasedQuantityInProductDetails" time="4.938">
    <failure type="java.lang.AssertionError" message="expected [5] but found [5]">
      <![CDATA[java.lang.AssertionError: expected [5] but found [5]
at com.tests.CartTests.increaceAndVerifyQuantityOfProductInCart_whileIncreasedQuantityInProductDetails(CartTests.java:62)
at java.base/java.util.concurrent.ThreadPoolExecutor.runWorker(ThreadPoolExecutor.java:1130)
at java.base/java.util.concurrent.ThreadPoolExecutor$Worker.run(ThreadPoolExecutor.java:630)
at java.base/java.lang.Thread.run(Thread.java:831)
... Removed 17 stack frames]]>
    </failure>
  </testcase> <!-- increaceAndVerifyQuantityOfProductInCart_whileIncreasedQuantityInProductDetails -->
  <testcase classname="com.tests.CartTests" name="verifyProductIsAddedCorectlyToCart" time="7.644"/>
  <testcase classname="com.tests.CartTests" name="verifyProductsAreAddedCorectlyToCart" time="7.215"/>
  <testcase classname="com.tests.CartTests" name="verifyrProduct_priceQuantityTotalMultiplied" time="6.201"/>
  <testcase classname="com.tests.CartTests" name="removeProductFromCart" time="4.114"/>
  <testcase classname="com.tests.SignupTests" name="removeCreatedAccount" time="5.07"/>
  <testcase classname="com.tests.PlaceOrderTests" name="removeCreatedAccount" time="10.137"/>
</testsuite> <!-- Test -->
