<?xml version="1.0" encoding="UTF-8"?>
<!-- Generated by org.testng.reporters.JUnitXMLReporter -->
<testsuite ignored="0" hostname="DESKTOP-HTFTRU6" failures="1" tests="25" name="Test" time="177.412" errors="0" timestamp="2023-07-14T12:45:54 CEST">
  <testcase classname="com.tests.CartTests" name="verifyProductIsAddedCorectlyToCart" time="11.542"/>
  <testcase classname="com.tests.CartTests" name="increaceAndVerifyQuantityOfProductInCart_whileIncreasedQuantityInProductDetails" time="12.796"/>
  <testcase classname="com.tests.CartTests" name="verifyProductsAreAddedCorectlyToCart" time="16.013"/>
  <testcase classname="com.tests.CartTests" name="increaceAndVerifyQuantityOfProductInCart_byAddingTwiceTheSameProduct" time="10.78"/>
  <testcase classname="com.tests.CartTests" name="verifyrProduct_priceQuantityTotalMultiplied" time="14.7"/>
  <testcase classname="com.tests.CartTests" name="verifyrProduct_TotalAmount" time="22.586"/>
  <testcase classname="com.tests.ExternalLinksTests" name="verifyVideoTutorialsResponseCode" time="16.242"/>
  <testcase classname="com.tests.ContactUsTests" name="sendQuestionWithFile" time="16.864"/>
  <testcase classname="com.tests.LoginTests" name="loginWithCorrectData" time="10.933"/>
  <testcase classname="com.tests.LoginTests" name="loginWithIncorrectData" time="8.117"/>
  <testcase classname="com.tests.LoginTests" name="verifyLoginFieldsAreRequired" time="9.023"/>
  <testcase classname="com.tests.LoginTests" name="logoutLoggedUser" time="12.26"/>
  <testcase classname="com.tests.PlaceOrderTests" name="placeOrderBeeingLogin" time="12.895">
    <failure type="org.openqa.selenium.NoSuchElementException" message="no such element: Unable to locate element: {&amp;quot;method&amp;quot;:&amp;quot;css selector&amp;quot;,&amp;quot;selector&amp;quot;:&amp;quot;a[class*=&amp;apos;check_out&amp;apos;]&amp;quot;}
  (Session info: chrome=114.0.5735.199)
For documentation on this error, please visit: https://selenium.dev/exceptions/#no_such_element
Build info: version: &amp;apos;4.8.3&amp;apos;, revision: &amp;apos;e5e76298c3&amp;apos;
System info: os.name: &amp;apos;Windows 10&amp;apos;, os.arch: &amp;apos;amd64&amp;apos;, os.version: &amp;apos;10.0&amp;apos;, java.version: &amp;apos;16.0.2&amp;apos;
Driver info: org.openqa.selenium.chrome.ChromeDriver
Command: [3723daab7ad8f49619d9840205f5cef3, findElement {using=css selector, value=a[class*=&amp;apos;check_out&amp;apos;]}]
Capabilities {acceptInsecureCerts: false, browserName: chrome, browserVersion: 114.0.5735.199, chrome: {chromedriverVersion: 114.0.5735.90 (386bc09e8f4f..., userDataDir: C:\Users\Janusz\AppData\Loc...}, goog:chromeOptions: {debuggerAddress: localhost:50640}, networkConnectionEnabled: false, pageLoadStrategy: normal, platformName: WINDOWS, proxy: Proxy(), se:cdp: ws://localhost:50640/devtoo..., se:cdpVersion: 114.0.5735.199, setWindowRect: true, strictFileInteractability: false, timeouts: {implicit: 0, pageLoad: 300000, script: 30000}, unhandledPromptBehavior: dismiss and notify, webauthn:extension:credBlob: true, webauthn:extension:largeBlob: true, webauthn:extension:minPinLength: true, webauthn:extension:prf: true, webauthn:virtualAuthenticators: true}
Session ID: 3723daab7ad8f49619d9840205f5cef3">
      <![CDATA[org.openqa.selenium.NoSuchElementException: no such element: Unable to locate element: {"method":"css selector","selector":"a[class*='check_out']"}
  (Session info: chrome=114.0.5735.199)
For documentation on this error, please visit: https://selenium.dev/exceptions/#no_such_element
Build info: version: '4.8.3', revision: 'e5e76298c3'
System info: os.name: 'Windows 10', os.arch: 'amd64', os.version: '10.0', java.version: '16.0.2'
Driver info: org.openqa.selenium.chrome.ChromeDriver
Command: [3723daab7ad8f49619d9840205f5cef3, findElement {using=css selector, value=a[class*='check_out']}]
Capabilities {acceptInsecureCerts: false, browserName: chrome, browserVersion: 114.0.5735.199, chrome: {chromedriverVersion: 114.0.5735.90 (386bc09e8f4f..., userDataDir: C:\Users\Janusz\AppData\Loc...}, goog:chromeOptions: {debuggerAddress: localhost:50640}, networkConnectionEnabled: false, pageLoadStrategy: normal, platformName: WINDOWS, proxy: Proxy(), se:cdp: ws://localhost:50640/devtoo..., se:cdpVersion: 114.0.5735.199, setWindowRect: true, strictFileInteractability: false, timeouts: {implicit: 0, pageLoad: 300000, script: 30000}, unhandledPromptBehavior: dismiss and notify, webauthn:extension:credBlob: true, webauthn:extension:largeBlob: true, webauthn:extension:minPinLength: true, webauthn:extension:prf: true, webauthn:virtualAuthenticators: true}
Session ID: 3723daab7ad8f49619d9840205f5cef3
at org.openqa.selenium.remote.codec.w3c.W3CHttpResponseCodec.createException(W3CHttpResponseCodec.java:200)
at org.openqa.selenium.remote.codec.w3c.W3CHttpResponseCodec.decode(W3CHttpResponseCodec.java:133)
at org.openqa.selenium.remote.codec.w3c.W3CHttpResponseCodec.decode(W3CHttpResponseCodec.java:53)
at org.openqa.selenium.remote.HttpCommandExecutor.execute(HttpCommandExecutor.java:193)
at org.openqa.selenium.remote.service.DriverCommandExecutor.invokeExecute(DriverCommandExecutor.java:183)
at org.openqa.selenium.remote.service.DriverCommandExecutor.execute(DriverCommandExecutor.java:158)
at org.openqa.selenium.remote.RemoteWebDriver.execute(RemoteWebDriver.java:543)
at org.openqa.selenium.remote.ElementLocation$ElementFinder$2.findElement(ElementLocation.java:162)
at org.openqa.selenium.remote.ElementLocation.findElement(ElementLocation.java:60)
at org.openqa.selenium.remote.RemoteWebDriver.findElement(RemoteWebDriver.java:352)
at org.openqa.selenium.remote.RemoteWebDriver.findElement(RemoteWebDriver.java:344)
at org.openqa.selenium.support.pagefactory.DefaultElementLocator.findElement(DefaultElementLocator.java:70)
at org.openqa.selenium.support.pagefactory.internal.LocatingElementHandler.invoke(LocatingElementHandler.java:39)
at jdk.proxy2/jdk.proxy2.$Proxy17.click(Unknown Source)
at com.pages.CartPage.clickProceedToCheckOut(CartPage.java:77)
at com.tests.PlaceOrderTests.placeOrderBeeingLogin(PlaceOrderTests.java:128)
at java.base/java.util.concurrent.ThreadPoolExecutor.runWorker(ThreadPoolExecutor.java:1130)
at java.base/java.util.concurrent.ThreadPoolExecutor$Worker.run(ThreadPoolExecutor.java:630)
at java.base/java.lang.Thread.run(Thread.java:831)
... Removed 17 stack frames]]>
    </failure>
  </testcase> <!-- placeOrderBeeingLogin -->
  <testcase classname="com.tests.PlaceOrderTests" name="placeOrderAndLoginWhileCheckout" time="25.619"/>
  <testcase classname="com.tests.ProductsTests" name="verifyAllProductsRelatedToSearchAreVisible" time="15.774"/>
  <testcase classname="com.tests.ProductsTests" name="verifyProductDetailsValue" time="20.469"/>
  <testcase classname="com.tests.ProductsTests" name="verifyProductDetailsVisibility" time="15.312"/>
  <testcase classname="com.tests.SignupTests" name="signinWithCorrectData" time="12.951"/>
  <testcase classname="com.tests.SignupTests" name="signinWithExsistingEmail" time="6.638"/>
  <testcase classname="com.tests.SignupTests" name="verifySignupFieldsAreRequired" time="7.913"/>
  <testcase classname="com.tests.CartTests" name="removeProductFromCart" time="12.074"/>
  <testcase classname="com.tests.PlaceOrderTests" name="placeOrderAndRegisterWhileCheckout" time="86.759"/>
  <testcase classname="com.tests.CartTests" name="removeAllProductFromCart" time="21.34"/>
  <testcase classname="com.tests.SignupTests" name="removeCreatedAccount" time="17.507"/>
  <testcase classname="com.tests.PlaceOrderTests" name="removeCreatedAccount" time="13.688"/>
</testsuite> <!-- Test -->
