<html>
<head>
<title>TestNG:  Test</title>
<link href="../testng.css" rel="stylesheet" type="text/css" />
<link href="../my-testng.css" rel="stylesheet" type="text/css" />

<style type="text/css">
.log { display: none;} 
.stack-trace { display: none;} 
</style>
<script type="text/javascript">
<!--
function flip(e) {
  current = e.style.display;
  if (current == 'block') {
    e.style.display = 'none';
    return 0;
  }
  else {
    e.style.display = 'block';
    return 1;
  }
}

function toggleBox(szDivId, elem, msg1, msg2)
{
  var res = -1;  if (document.getElementById) {
    res = flip(document.getElementById(szDivId));
  }
  else if (document.all) {
    // this is the way old msie versions work
    res = flip(document.all[szDivId]);
  }
  if(elem) {
    if(res == 0) elem.innerHTML = msg1; else elem.innerHTML = msg2;
  }

}

function toggleAllBoxes() {
  if (document.getElementsByTagName) {
    d = document.getElementsByTagName('div');
    for (i = 0; i < d.length; i++) {
      if (d[i].className == 'log') {
        flip(d[i]);
      }
    }
  }
}

// -->
</script>

</head>
<body>
<h2 align='center'>Test</h2><table border='1' align="center">
<tr>
<td>Tests passed/Failed/Skipped:</td><td>24/1/0</td>
</tr><tr>
<td>Started on:</td><td>Fri Jul 14 12:42:56 CEST 2023</td>
</tr>
<tr><td>Total time:</td><td>177 seconds (177412 ms)</td>
</tr><tr>
<td>Included groups:</td><td></td>
</tr><tr>
<td>Excluded groups:</td><td></td>
</tr>
</table><p/>
<small><i>(Hover the method name to see the test class name)</i></small><p/>
<table width='100%' border='1' class='invocation-failed'>
<tr><td colspan='4' align='center'><b>FAILED TESTS</b></td></tr>
<tr><td><b>Test method</b></td>
<td width="30%"><b>Exception</b></td>
<td width="10%"><b>Time (seconds)</b></td>
<td><b>Instance</b></td>
</tr>
<tr>
<td title='com.tests.PlaceOrderTests.placeOrderBeeingLogin()'><b>placeOrderBeeingLogin</b><br>Test class: com.tests.PlaceOrderTests</td>
<td><div><pre>org.openqa.selenium.NoSuchElementException: no such element: Unable to locate element: {&quot;method&quot;:&quot;css selector&quot;,&quot;selector&quot;:&quot;a[class*=&apos;check_out&apos;]&quot;}
  (Session info: chrome=114.0.5735.199)
For documentation on this error, please visit: https://selenium.dev/exceptions/#no_such_element
Build info: version: &apos;4.8.3&apos;, revision: &apos;e5e76298c3&apos;
System info: os.name: &apos;Windows 10&apos;, os.arch: &apos;amd64&apos;, os.version: &apos;10.0&apos;, java.version: &apos;16.0.2&apos;
Driver info: org.openqa.selenium.chrome.ChromeDriver
Command: [3723daab7ad8f49619d9840205f5cef3, findElement {using=css selector, value=a[class*=&apos;check_out&apos;]}]
Capabilities {acceptInsecureCerts: false, browserName: chrome, browserVersion: 114.0.5735.199, chrome: {chromedriverVersion: 114.0.5735.90 (386bc09e8f4f..., userDataDir: C:\Users\Janusz\AppData\Loc...}, goog:chromeOptions: {debuggerAddress: localhost:50640}, networkConnectionEnabled: false, pageLoadStrategy: normal, platformName: WINDOWS, proxy: Proxy(), se:cdp: ws://localhost:50640/devtoo..., se:cdpVersion: 114.0.5735.199, setWindowRect: true, strictFileInteractability: false, timeouts: {implicit: 0, pageLoad: 300000, script: 30000}, unhandledPromptBehavior: dismiss and notify, webauthn:extension:credBlob: true, webauthn:extension:largeBlob: true, webauthn:extension:minPinLength: true, webauthn:extension:prf: true, webauthn:virtualAuthenticators: true}
Session ID: 3723daab7ad8f49619d9840205f5cef3
	at org.openqa.selenium.remote.codec.w3c.W3CHttpResponseCodec.createException(W3CHttpResponseCodec.java:200)
	at org.openqa.selenium.remote.codec.w3c.W3CHttpResponseCodec.decode(W3CHttpResponseCodec.java:133)
	at org.openqa.selenium.remote.codec.w3c.W3CHttpResponseCodec.decode(W3CHttpResponseCodec.java:53)
	at org.openqa.selenium.remote.HttpCommandExecutor.execute(HttpCommandExecutor.java:193)
	at org.openqa.selenium.remote.service.DriverCommandExecutor.invokeExecute(DriverCommandExecutor.java:183)
	at org.openqa.selenium.remote.service.DriverCommandExecutor.execute(DriverCommandExecutor.java:158)
	at org.openqa.selenium.remote.RemoteWebDriver.execute(RemoteWebDriver.java:543)
	at org.openqa.selenium.remote.ElementLocation$ElementFinder$2.findElement(ElementLocation.java:162)
	at org.openqa.selenium.remote.ElementLocation.findElement(ElementLocation.java:60)
	at org.openqa.selenium.remote.RemoteWebDriver.findElement(RemoteWebDriver.java:352)
	at org.openqa.selenium.remote.RemoteWebDriver.findElement(RemoteWebDriver.java:344)
	at org.openqa.selenium.support.pagefactory.DefaultElementLocator.findElement(DefaultElementLocator.java:70)
	at org.openqa.selenium.support.pagefactory.internal.LocatingElementHandler.invoke(LocatingElementHandler.java:39)
	at jdk.proxy2/jdk.proxy2.$Proxy17.click(Unknown Source)
	at com.pages.CartPage.clickProceedToCheckOut(CartPage.java:77)
	at com.tests.PlaceOrderTests.placeOrderBeeingLogin(PlaceOrderTests.java:128)
	at java.base/java.util.concurrent.ThreadPoolExecutor.runWorker(ThreadPoolExecutor.java:1130)
	at java.base/java.util.concurrent.ThreadPoolExecutor$Worker.run(ThreadPoolExecutor.java:630)
	at java.base/java.lang.Thread.run(Thread.java:831)
... Removed 17 stack frames</pre></div><a href='#' onClick='toggleBox("stack-trace1167855589", this, "Click to show all stack frames", "Click to hide stack frames")'>Click to show all stack frames</a>
<div class='stack-trace' id='stack-trace1167855589'><pre>org.openqa.selenium.NoSuchElementException: no such element: Unable to locate element: {&quot;method&quot;:&quot;css selector&quot;,&quot;selector&quot;:&quot;a[class*=&apos;check_out&apos;]&quot;}
  (Session info: chrome=114.0.5735.199)
For documentation on this error, please visit: https://selenium.dev/exceptions/#no_such_element
Build info: version: &apos;4.8.3&apos;, revision: &apos;e5e76298c3&apos;
System info: os.name: &apos;Windows 10&apos;, os.arch: &apos;amd64&apos;, os.version: &apos;10.0&apos;, java.version: &apos;16.0.2&apos;
Driver info: org.openqa.selenium.chrome.ChromeDriver
Command: [3723daab7ad8f49619d9840205f5cef3, findElement {using=css selector, value=a[class*=&apos;check_out&apos;]}]
Capabilities {acceptInsecureCerts: false, browserName: chrome, browserVersion: 114.0.5735.199, chrome: {chromedriverVersion: 114.0.5735.90 (386bc09e8f4f..., userDataDir: C:\Users\Janusz\AppData\Loc...}, goog:chromeOptions: {debuggerAddress: localhost:50640}, networkConnectionEnabled: false, pageLoadStrategy: normal, platformName: WINDOWS, proxy: Proxy(), se:cdp: ws://localhost:50640/devtoo..., se:cdpVersion: 114.0.5735.199, setWindowRect: true, strictFileInteractability: false, timeouts: {implicit: 0, pageLoad: 300000, script: 30000}, unhandledPromptBehavior: dismiss and notify, webauthn:extension:credBlob: true, webauthn:extension:largeBlob: true, webauthn:extension:minPinLength: true, webauthn:extension:prf: true, webauthn:virtualAuthenticators: true}
Session ID: 3723daab7ad8f49619d9840205f5cef3
	at java.base/jdk.internal.reflect.NativeConstructorAccessorImpl.newInstance0(Native Method)
	at java.base/jdk.internal.reflect.NativeConstructorAccessorImpl.newInstance(NativeConstructorAccessorImpl.java:78)
	at java.base/jdk.internal.reflect.DelegatingConstructorAccessorImpl.newInstance(DelegatingConstructorAccessorImpl.java:45)
	at java.base/java.lang.reflect.Constructor.newInstanceWithCaller(Constructor.java:499)
	at java.base/java.lang.reflect.Constructor.newInstance(Constructor.java:480)
	at org.openqa.selenium.remote.codec.w3c.W3CHttpResponseCodec.createException(W3CHttpResponseCodec.java:200)
	at org.openqa.selenium.remote.codec.w3c.W3CHttpResponseCodec.decode(W3CHttpResponseCodec.java:133)
	at org.openqa.selenium.remote.codec.w3c.W3CHttpResponseCodec.decode(W3CHttpResponseCodec.java:53)
	at org.openqa.selenium.remote.HttpCommandExecutor.execute(HttpCommandExecutor.java:193)
	at org.openqa.selenium.remote.service.DriverCommandExecutor.invokeExecute(DriverCommandExecutor.java:183)
	at org.openqa.selenium.remote.service.DriverCommandExecutor.execute(DriverCommandExecutor.java:158)
	at org.openqa.selenium.remote.RemoteWebDriver.execute(RemoteWebDriver.java:543)
	at org.openqa.selenium.remote.ElementLocation$ElementFinder$2.findElement(ElementLocation.java:162)
	at org.openqa.selenium.remote.ElementLocation.findElement(ElementLocation.java:60)
	at org.openqa.selenium.remote.RemoteWebDriver.findElement(RemoteWebDriver.java:352)
	at org.openqa.selenium.remote.RemoteWebDriver.findElement(RemoteWebDriver.java:344)
	at org.openqa.selenium.support.pagefactory.DefaultElementLocator.findElement(DefaultElementLocator.java:70)
	at org.openqa.selenium.support.pagefactory.internal.LocatingElementHandler.invoke(LocatingElementHandler.java:39)
	at jdk.proxy2/jdk.proxy2.$Proxy17.click(Unknown Source)
	at com.pages.CartPage.clickProceedToCheckOut(CartPage.java:77)
	at com.tests.PlaceOrderTests.placeOrderBeeingLogin(PlaceOrderTests.java:128)
	at java.base/jdk.internal.reflect.NativeMethodAccessorImpl.invoke0(Native Method)
	at java.base/jdk.internal.reflect.NativeMethodAccessorImpl.invoke(NativeMethodAccessorImpl.java:78)
	at java.base/jdk.internal.reflect.DelegatingMethodAccessorImpl.invoke(DelegatingMethodAccessorImpl.java:43)
	at java.base/java.lang.reflect.Method.invoke(Method.java:567)
	at org.testng.internal.MethodInvocationHelper.invokeMethod(MethodInvocationHelper.java:133)
	at org.testng.internal.TestInvoker.invokeMethod(TestInvoker.java:598)
	at org.testng.internal.TestInvoker.invokeTestMethod(TestInvoker.java:173)
	at org.testng.internal.MethodRunner.runInSequence(MethodRunner.java:46)
	at org.testng.internal.TestInvoker$MethodInvocationAgent.invoke(TestInvoker.java:824)
	at org.testng.internal.TestInvoker.invokeTestMethods(TestInvoker.java:146)
	at org.testng.internal.TestMethodWorker.invokeTestMethods(TestMethodWorker.java:146)
	at org.testng.internal.TestMethodWorker.run(TestMethodWorker.java:128)
	at java.base/java.util.concurrent.ThreadPoolExecutor.runWorker(ThreadPoolExecutor.java:1130)
	at java.base/java.util.concurrent.ThreadPoolExecutor$Worker.run(ThreadPoolExecutor.java:630)
	at java.base/java.lang.Thread.run(Thread.java:831)
</pre></div></td>
<td>12</td>
<td>com.tests.PlaceOrderTests@821330f</td></tr>
</table><p>
<table width='100%' border='1' class='invocation-passed'>
<tr><td colspan='4' align='center'><b>PASSED TESTS</b></td></tr>
<tr><td><b>Test method</b></td>
<td width="30%"><b>Exception</b></td>
<td width="10%"><b>Time (seconds)</b></td>
<td><b>Instance</b></td>
</tr>
<tr>
<td title='com.tests.LoginTests.loginWithIncorrectData()'><b>loginWithIncorrectData</b><br>Test class: com.tests.LoginTests</td>
<td></td>
<td>8</td>
<td>com.tests.LoginTests@1b1cfb87</td></tr>
<tr>
<td title='com.tests.ContactUsTests.sendQuestionWithFile()'><b>sendQuestionWithFile</b><br>Test class: com.tests.ContactUsTests</td>
<td></td>
<td>16</td>
<td>com.tests.ContactUsTests@23f5b5dc</td></tr>
<tr>
<td title='com.tests.ProductsTests.verifyProductDetailsVisibility()'><b>verifyProductDetailsVisibility</b><br>Test class: com.tests.ProductsTests</td>
<td></td>
<td>15</td>
<td>com.tests.ProductsTests@6f43c82</td></tr>
<tr>
<td title='com.tests.CartTests.verifyProductIsAddedCorectlyToCart()'><b>verifyProductIsAddedCorectlyToCart</b><br>Test class: com.tests.CartTests</td>
<td></td>
<td>11</td>
<td>com.tests.CartTests@239a307b</td></tr>
<tr>
<td title='com.tests.LoginTests.logoutLoggedUser()'><b>logoutLoggedUser</b><br>Test class: com.tests.LoginTests</td>
<td></td>
<td>12</td>
<td>com.tests.LoginTests@1b1cfb87</td></tr>
<tr>
<td title='com.tests.SignupTests.signinWithCorrectData()'><b>signinWithCorrectData</b><br>Test class: com.tests.SignupTests</td>
<td></td>
<td>12</td>
<td>com.tests.SignupTests@5db6b9cd</td></tr>
<tr>
<td title='com.tests.ProductsTests.verifyAllProductsRelatedToSearchAreVisible()'><b>verifyAllProductsRelatedToSearchAreVisible</b><br>Test class: com.tests.ProductsTests</td>
<td></td>
<td>15</td>
<td>com.tests.ProductsTests@6f43c82</td></tr>
<tr>
<td title='com.tests.ExternalLinksTests.verifyVideoTutorialsResponseCode()'><b>verifyVideoTutorialsResponseCode</b><br>Test class: com.tests.ExternalLinksTests</td>
<td></td>
<td>16</td>
<td>com.tests.ExternalLinksTests@34bde49d</td></tr>
<tr>
<td title='com.tests.PlaceOrderTests.placeOrderAndRegisterWhileCheckout()'><b>placeOrderAndRegisterWhileCheckout</b><br>Test class: com.tests.PlaceOrderTests</td>
<td></td>
<td>86</td>
<td>com.tests.PlaceOrderTests@821330f</td></tr>
<tr>
<td title='com.tests.SignupTests.verifySignupFieldsAreRequired()'><b>verifySignupFieldsAreRequired</b><br>Test class: com.tests.SignupTests</td>
<td></td>
<td>7</td>
<td>com.tests.SignupTests@5db6b9cd</td></tr>
<tr>
<td title='com.tests.CartTests.verifyProductsAreAddedCorectlyToCart()'><b>verifyProductsAreAddedCorectlyToCart</b><br>Test class: com.tests.CartTests</td>
<td></td>
<td>16</td>
<td>com.tests.CartTests@239a307b</td></tr>
<tr>
<td title='com.tests.PlaceOrderTests.placeOrderAndLoginWhileCheckout()'><b>placeOrderAndLoginWhileCheckout</b><br>Test class: com.tests.PlaceOrderTests</td>
<td></td>
<td>25</td>
<td>com.tests.PlaceOrderTests@821330f</td></tr>
<tr>
<td title='com.tests.CartTests.verifyrProduct_priceQuantityTotalMultiplied()'><b>verifyrProduct_priceQuantityTotalMultiplied</b><br>Test class: com.tests.CartTests</td>
<td></td>
<td>14</td>
<td>com.tests.CartTests@239a307b</td></tr>
<tr>
<td title='com.tests.CartTests.removeAllProductFromCart()'><b>removeAllProductFromCart</b><br>Test class: com.tests.CartTests</td>
<td></td>
<td>21</td>
<td>com.tests.CartTests@239a307b</td></tr>
<tr>
<td title='com.tests.SignupTests.signinWithExsistingEmail()'><b>signinWithExsistingEmail</b><br>Test class: com.tests.SignupTests</td>
<td></td>
<td>6</td>
<td>com.tests.SignupTests@5db6b9cd</td></tr>
<tr>
<td title='com.tests.LoginTests.loginWithCorrectData()'><b>loginWithCorrectData</b><br>Test class: com.tests.LoginTests</td>
<td></td>
<td>10</td>
<td>com.tests.LoginTests@1b1cfb87</td></tr>
<tr>
<td title='com.tests.SignupTests.removeCreatedAccount()'><b>removeCreatedAccount</b><br>Test class: com.tests.SignupTests</td>
<td></td>
<td>17</td>
<td>com.tests.SignupTests@5db6b9cd</td></tr>
<tr>
<td title='com.tests.CartTests.verifyrProduct_TotalAmount()'><b>verifyrProduct_TotalAmount</b><br>Test class: com.tests.CartTests</td>
<td></td>
<td>22</td>
<td>com.tests.CartTests@239a307b</td></tr>
<tr>
<td title='com.tests.CartTests.increaceAndVerifyQuantityOfProductInCart_whileIncreasedQuantityInProductDetails()'><b>increaceAndVerifyQuantityOfProductInCart_whileIncreasedQuantityInProductDetails</b><br>Test class: com.tests.CartTests</td>
<td></td>
<td>12</td>
<td>com.tests.CartTests@239a307b</td></tr>
<tr>
<td title='com.tests.ProductsTests.verifyProductDetailsValue()'><b>verifyProductDetailsValue</b><br>Test class: com.tests.ProductsTests</td>
<td></td>
<td>20</td>
<td>com.tests.ProductsTests@6f43c82</td></tr>
<tr>
<td title='com.tests.PlaceOrderTests.removeCreatedAccount()'><b>removeCreatedAccount</b><br>Test class: com.tests.PlaceOrderTests</td>
<td></td>
<td>13</td>
<td>com.tests.PlaceOrderTests@821330f</td></tr>
<tr>
<td title='com.tests.CartTests.increaceAndVerifyQuantityOfProductInCart_byAddingTwiceTheSameProduct()'><b>increaceAndVerifyQuantityOfProductInCart_byAddingTwiceTheSameProduct</b><br>Test class: com.tests.CartTests</td>
<td></td>
<td>10</td>
<td>com.tests.CartTests@239a307b</td></tr>
<tr>
<td title='com.tests.CartTests.removeProductFromCart()'><b>removeProductFromCart</b><br>Test class: com.tests.CartTests</td>
<td></td>
<td>12</td>
<td>com.tests.CartTests@239a307b</td></tr>
<tr>
<td title='com.tests.LoginTests.verifyLoginFieldsAreRequired()'><b>verifyLoginFieldsAreRequired</b><br>Test class: com.tests.LoginTests</td>
<td></td>
<td>9</td>
<td>com.tests.LoginTests@1b1cfb87</td></tr>
</table><p>
</body>
</html>